mode: set
/Users/nickp/Workspace/timepiece/whence/measurements.go:9.33,11.16 2 1
/Users/nickp/Workspace/timepiece/whence/measurements.go:14.2,18.3 1 1
/Users/nickp/Workspace/timepiece/whence/measurements.go:11.16,13.3 1 1
/Users/nickp/Workspace/timepiece/whence/point.go:26.47,35.2 1 1
/Users/nickp/Workspace/timepiece/whence/reference.go:26.37,27.28 1 1
/Users/nickp/Workspace/timepiece/whence/reference.go:30.2,30.55 1 1
/Users/nickp/Workspace/timepiece/whence/reference.go:27.28,29.3 1 1
/Users/nickp/Workspace/timepiece/whence/reference.go:34.50,36.2 1 1
/Users/nickp/Workspace/timepiece/whence/reference.go:39.51,41.46 2 1
/Users/nickp/Workspace/timepiece/whence/reference.go:44.2,45.26 2 1
/Users/nickp/Workspace/timepiece/whence/reference.go:51.2,51.64 1 1
/Users/nickp/Workspace/timepiece/whence/reference.go:41.46,43.3 1 1
/Users/nickp/Workspace/timepiece/whence/reference.go:45.26,46.13 1 1
/Users/nickp/Workspace/timepiece/whence/reference.go:46.13,49.4 2 1
